

Version:	3.50
CmdLine:	C:\Users\Manana\Desktop\Interfaces\paint.exe --l4j-debug
JNI:		No
WOW64:		Yes
Working dir:	C:\Users\Manana\Desktop\Interfaces\.
Requires JDK:	No
Requires 64-Bit: No
Java min ver:	
Java max ver:	
Substitute:	JAVA_HOME = 
Substitute:	PATH = C:\app\Manana\product\21c\dbhomeXE\bin;C:\Program Files\Common Files\Oracle\Java\javapath;C:\Program Files (x86)\Common Files\Oracle\Java\javapath;C:\Windows\system32;C:\Windows;C:\Windows\System32\Wbem;C:\Windows\System32\WindowsPowerShell\v1.0\;C:\Windows\System32\OpenSSH\;C:\Program Files (x86)\NVIDIA Corporation\PhysX\Common;C:\Program Files\NVIDIA Corporation\NVIDIA NvDLISR;C:\WINDOWS\system32;C:\WINDOWS;C:\WINDOWS\System32\Wbem;C:\WINDOWS\System32\WindowsPowerShell\v1.0\;C:\WINDOWS\System32\OpenSSH\;C:\Program Files\Git\cmd;C:\Users\Manana\AppData\Local\Programs\Python\Python312\Scripts\;C:\Users\Manana\AppData\Local\Programs\Python\Python312\;C:\Users\Manana\AppData\Local\Programs\Python\Launcher\;C:\Users\Manana\AppData\Local\Microsoft\WindowsApps;C:\Users\Manana\AppData\Local\GitHubDesktop\bin;C:\Program Files\JetBrains\PyCharm Community Edition 2024.2.3\bin;C:\Users\Manana\AppData\Local\Programs\Microsoft VS Code\bin;C:\Program Files\MongoDB\Server\8.0\bin;C:\Program Files\Java\jre1.8.0_351\bin
JRE paths:	;C:\app\Manana\product\21c\dbhomeXE\bin;C:\Program Files\Common Files\Oracle\Java\javapath;C:\Program Files (x86)\Common Files\Oracle\Java\javapath;C:\Windows\system32;C:\Windows;C:\Windows\System32\Wbem;C:\Windows\System32\WindowsPowerShell\v1.0\;C:\Windows\System32\OpenSSH\;C:\Program Files (x86)\NVIDIA Corporation\PhysX\Common;C:\Program Files\NVIDIA Corporation\NVIDIA NvDLISR;C:\WINDOWS\system32;C:\WINDOWS;C:\WINDOWS\System32\Wbem;C:\WINDOWS\System32\WindowsPowerShell\v1.0\;C:\WINDOWS\System32\OpenSSH\;C:\Program Files\Git\cmd;C:\Users\Manana\AppData\Local\Programs\Python\Python312\Scripts\;C:\Users\Manana\AppData\Local\Programs\Python\Python312\;C:\Users\Manana\AppData\Local\Programs\Python\Launcher\;C:\Users\Manana\AppData\Local\Microsoft\WindowsApps;C:\Users\Manana\AppData\Local\GitHubDesktop\bin;C:\Program Files\JetBrains\PyCharm Community Edition 2024.2.3\bin;C:\Users\Manana\AppData\Local\Programs\Microsoft VS Code\bin;C:\Program Files\MongoDB\Server\8.0\bin;C:\Program Files\Java\jre1.8.0_351\bin
Check launcher:	C:\app\Manana\product\21c\dbhomeXE\bin\javaw.exe (not found)
Check launcher:	C:\Program Files\Common Files\Oracle\Java\javapath\bin\javaw.exe (not found)
Check launcher:	C:\Program Files (x86)\Common Files\Oracle\Java\javapath\bin\javaw.exe (not found)
Check launcher:	C:\Windows\system32\bin\javaw.exe (not found)
Check launcher:	C:\Windows\bin\javaw.exe (not found)
Check launcher:	C:\Windows\System32\Wbem\bin\javaw.exe (not found)
Check launcher:	C:\Windows\System32\WindowsPowerShell\v1.0\bin\javaw.exe (not found)
Check launcher:	C:\Windows\System32\OpenSSH\bin\javaw.exe (not found)
Check launcher:	C:\Program Files (x86)\NVIDIA Corporation\PhysX\Common\bin\javaw.exe (not found)
Check launcher:	C:\Program Files\NVIDIA Corporation\NVIDIA NvDLISR\bin\javaw.exe (not found)
Check launcher:	C:\WINDOWS\system32\bin\javaw.exe (not found)
Check launcher:	C:\WINDOWS\bin\javaw.exe (not found)
Check launcher:	C:\WINDOWS\System32\Wbem\bin\javaw.exe (not found)
Check launcher:	C:\WINDOWS\System32\WindowsPowerShell\v1.0\bin\javaw.exe (not found)
Check launcher:	C:\WINDOWS\System32\OpenSSH\bin\javaw.exe (not found)
Check launcher:	C:\Program Files\Git\cmd\bin\javaw.exe (not found)
Check launcher:	C:\Users\Manana\AppData\Local\Programs\Python\Python312\Scripts\bin\javaw.exe (not found)
Check launcher:	C:\Users\Manana\AppData\Local\Programs\Python\Python312\bin\javaw.exe (not found)
Check launcher:	C:\Users\Manana\AppData\Local\Programs\Python\Launcher\bin\javaw.exe (not found)
Check launcher:	C:\Users\Manana\AppData\Local\Microsoft\WindowsApps\bin\javaw.exe (not found)
Check launcher:	C:\Users\Manana\AppData\Local\GitHubDesktop\bin\javaw.exe (not found)
Check launcher:	C:\Program Files\JetBrains\PyCharm Community Edition 2024.2.3\bin\javaw.exe (not found)
Check launcher:	C:\Users\Manana\AppData\Local\Programs\Microsoft VS Code\bin\javaw.exe (not found)
Check launcher:	C:\Program Files\MongoDB\Server\8.0\bin\javaw.exe (not found)
Check launcher:	C:\Program Files\Java\jre1.8.0_351\bin\javaw.exe (OK)
Version string: 1.008.000_351 / 64-Bit (OK)
Launcher:	C:\Program Files\Java\jre1.8.0_351\bin\javaw.exe
Launcher args:	-jar "C:\Users\Manana\Desktop\Interfaces\paint.exe"
Args length:	51/32768 chars
Exit code:	0


Version:	3.50
CmdLine:	C:\Users\Manana\Desktop\Interfaces\paint.exe --l4j-debug
JNI:		No
WOW64:		Yes
Working dir:	C:\Users\Manana\Desktop\Interfaces\.
Requires JDK:	No
Requires 64-Bit: No
Java min ver:	
Java max ver:	
Substitute:	JAVA_HOME = 
Substitute:	PATH = C:\app\Manana\product\21c\dbhomeXE\bin;C:\Program Files\Common Files\Oracle\Java\javapath;C:\Program Files (x86)\Common Files\Oracle\Java\javapath;C:\Windows\system32;C:\Windows;C:\Windows\System32\Wbem;C:\Windows\System32\WindowsPowerShell\v1.0\;C:\Windows\System32\OpenSSH\;C:\Program Files (x86)\NVIDIA Corporation\PhysX\Common;C:\Program Files\NVIDIA Corporation\NVIDIA NvDLISR;C:\WINDOWS\system32;C:\WINDOWS;C:\WINDOWS\System32\Wbem;C:\WINDOWS\System32\WindowsPowerShell\v1.0\;C:\WINDOWS\System32\OpenSSH\;C:\Program Files\Git\cmd;C:\Users\Manana\AppData\Local\Programs\Python\Python312\Scripts\;C:\Users\Manana\AppData\Local\Programs\Python\Python312\;C:\Users\Manana\AppData\Local\Programs\Python\Launcher\;C:\Users\Manana\AppData\Local\Microsoft\WindowsApps;C:\Users\Manana\AppData\Local\GitHubDesktop\bin;C:\Program Files\JetBrains\PyCharm Community Edition 2024.2.3\bin;C:\Users\Manana\AppData\Local\Programs\Microsoft VS Code\bin;C:\Program Files\MongoDB\Server\8.0\bin;C:\Program Files\Java\jre1.8.0_351\bin
JRE paths:	;C:\app\Manana\product\21c\dbhomeXE\bin;C:\Program Files\Common Files\Oracle\Java\javapath;C:\Program Files (x86)\Common Files\Oracle\Java\javapath;C:\Windows\system32;C:\Windows;C:\Windows\System32\Wbem;C:\Windows\System32\WindowsPowerShell\v1.0\;C:\Windows\System32\OpenSSH\;C:\Program Files (x86)\NVIDIA Corporation\PhysX\Common;C:\Program Files\NVIDIA Corporation\NVIDIA NvDLISR;C:\WINDOWS\system32;C:\WINDOWS;C:\WINDOWS\System32\Wbem;C:\WINDOWS\System32\WindowsPowerShell\v1.0\;C:\WINDOWS\System32\OpenSSH\;C:\Program Files\Git\cmd;C:\Users\Manana\AppData\Local\Programs\Python\Python312\Scripts\;C:\Users\Manana\AppData\Local\Programs\Python\Python312\;C:\Users\Manana\AppData\Local\Programs\Python\Launcher\;C:\Users\Manana\AppData\Local\Microsoft\WindowsApps;C:\Users\Manana\AppData\Local\GitHubDesktop\bin;C:\Program Files\JetBrains\PyCharm Community Edition 2024.2.3\bin;C:\Users\Manana\AppData\Local\Programs\Microsoft VS Code\bin;C:\Program Files\MongoDB\Server\8.0\bin;C:\Program Files\Java\jre1.8.0_351\bin
Check launcher:	C:\app\Manana\product\21c\dbhomeXE\bin\javaw.exe (not found)
Check launcher:	C:\Program Files\Common Files\Oracle\Java\javapath\bin\javaw.exe (not found)
Check launcher:	C:\Program Files (x86)\Common Files\Oracle\Java\javapath\bin\javaw.exe (not found)
Check launcher:	C:\Windows\system32\bin\javaw.exe (not found)
Check launcher:	C:\Windows\bin\javaw.exe (not found)
Check launcher:	C:\Windows\System32\Wbem\bin\javaw.exe (not found)
Check launcher:	C:\Windows\System32\WindowsPowerShell\v1.0\bin\javaw.exe (not found)
Check launcher:	C:\Windows\System32\OpenSSH\bin\javaw.exe (not found)
Check launcher:	C:\Program Files (x86)\NVIDIA Corporation\PhysX\Common\bin\javaw.exe (not found)
Check launcher:	C:\Program Files\NVIDIA Corporation\NVIDIA NvDLISR\bin\javaw.exe (not found)
Check launcher:	C:\WINDOWS\system32\bin\javaw.exe (not found)
Check launcher:	C:\WINDOWS\bin\javaw.exe (not found)
Check launcher:	C:\WINDOWS\System32\Wbem\bin\javaw.exe (not found)
Check launcher:	C:\WINDOWS\System32\WindowsPowerShell\v1.0\bin\javaw.exe (not found)
Check launcher:	C:\WINDOWS\System32\OpenSSH\bin\javaw.exe (not found)
Check launcher:	C:\Program Files\Git\cmd\bin\javaw.exe (not found)
Check launcher:	C:\Users\Manana\AppData\Local\Programs\Python\Python312\Scripts\bin\javaw.exe (not found)
Check launcher:	C:\Users\Manana\AppData\Local\Programs\Python\Python312\bin\javaw.exe (not found)
Check launcher:	C:\Users\Manana\AppData\Local\Programs\Python\Launcher\bin\javaw.exe (not found)
Check launcher:	C:\Users\Manana\AppData\Local\Microsoft\WindowsApps\bin\javaw.exe (not found)
Check launcher:	C:\Users\Manana\AppData\Local\GitHubDesktop\bin\javaw.exe (not found)
Check launcher:	C:\Program Files\JetBrains\PyCharm Community Edition 2024.2.3\bin\javaw.exe (not found)
Check launcher:	C:\Users\Manana\AppData\Local\Programs\Microsoft VS Code\bin\javaw.exe (not found)
Check launcher:	C:\Program Files\MongoDB\Server\8.0\bin\javaw.exe (not found)
Check launcher:	C:\Program Files\Java\jre1.8.0_351\bin\javaw.exe (OK)
Version string: 1.008.000_351 / 64-Bit (OK)
Launcher:	C:\Program Files\Java\jre1.8.0_351\bin\javaw.exe
Launcher args:	-jar "C:\Users\Manana\Desktop\Interfaces\paint.exe"
Args length:	51/32768 chars
Exit code:	0


Version:	3.50
CmdLine:	C:\Users\Manana\Desktop\Interfaces\paint.exe --l4j-debug
JNI:		No
WOW64:		Yes
Working dir:	C:\Users\Manana\Desktop\Interfaces\.
Requires JDK:	No
Requires 64-Bit: No
Java min ver:	
Java max ver:	
Substitute:	JAVA_HOME = 
Substitute:	PATH = C:\app\Manana\product\21c\dbhomeXE\bin;C:\Program Files\Common Files\Oracle\Java\javapath;C:\Program Files (x86)\Common Files\Oracle\Java\javapath;C:\Windows\system32;C:\Windows;C:\Windows\System32\Wbem;C:\Windows\System32\WindowsPowerShell\v1.0\;C:\Windows\System32\OpenSSH\;C:\Program Files (x86)\NVIDIA Corporation\PhysX\Common;C:\Program Files\NVIDIA Corporation\NVIDIA NvDLISR;C:\WINDOWS\system32;C:\WINDOWS;C:\WINDOWS\System32\Wbem;C:\WINDOWS\System32\WindowsPowerShell\v1.0\;C:\WINDOWS\System32\OpenSSH\;C:\Program Files\Git\cmd;C:\Users\Manana\AppData\Local\Programs\Python\Python312\Scripts\;C:\Users\Manana\AppData\Local\Programs\Python\Python312\;C:\Users\Manana\AppData\Local\Programs\Python\Launcher\;C:\Users\Manana\AppData\Local\Microsoft\WindowsApps;C:\Users\Manana\AppData\Local\GitHubDesktop\bin;C:\Program Files\JetBrains\PyCharm Community Edition 2024.2.3\bin;C:\Users\Manana\AppData\Local\Programs\Microsoft VS Code\bin;C:\Program Files\MongoDB\Server\8.0\bin;C:\Program Files\Java\jre1.8.0_351\bin
JRE paths:	;C:\app\Manana\product\21c\dbhomeXE\bin;C:\Program Files\Common Files\Oracle\Java\javapath;C:\Program Files (x86)\Common Files\Oracle\Java\javapath;C:\Windows\system32;C:\Windows;C:\Windows\System32\Wbem;C:\Windows\System32\WindowsPowerShell\v1.0\;C:\Windows\System32\OpenSSH\;C:\Program Files (x86)\NVIDIA Corporation\PhysX\Common;C:\Program Files\NVIDIA Corporation\NVIDIA NvDLISR;C:\WINDOWS\system32;C:\WINDOWS;C:\WINDOWS\System32\Wbem;C:\WINDOWS\System32\WindowsPowerShell\v1.0\;C:\WINDOWS\System32\OpenSSH\;C:\Program Files\Git\cmd;C:\Users\Manana\AppData\Local\Programs\Python\Python312\Scripts\;C:\Users\Manana\AppData\Local\Programs\Python\Python312\;C:\Users\Manana\AppData\Local\Programs\Python\Launcher\;C:\Users\Manana\AppData\Local\Microsoft\WindowsApps;C:\Users\Manana\AppData\Local\GitHubDesktop\bin;C:\Program Files\JetBrains\PyCharm Community Edition 2024.2.3\bin;C:\Users\Manana\AppData\Local\Programs\Microsoft VS Code\bin;C:\Program Files\MongoDB\Server\8.0\bin;C:\Program Files\Java\jre1.8.0_351\bin
Check launcher:	C:\app\Manana\product\21c\dbhomeXE\bin\javaw.exe (not found)
Check launcher:	C:\Program Files\Common Files\Oracle\Java\javapath\bin\javaw.exe (not found)
Check launcher:	C:\Program Files (x86)\Common Files\Oracle\Java\javapath\bin\javaw.exe (not found)
Check launcher:	C:\Windows\system32\bin\javaw.exe (not found)
Check launcher:	C:\Windows\bin\javaw.exe (not found)
Check launcher:	C:\Windows\System32\Wbem\bin\javaw.exe (not found)
Check launcher:	C:\Windows\System32\WindowsPowerShell\v1.0\bin\javaw.exe (not found)
Check launcher:	C:\Windows\System32\OpenSSH\bin\javaw.exe (not found)
Check launcher:	C:\Program Files (x86)\NVIDIA Corporation\PhysX\Common\bin\javaw.exe (not found)
Check launcher:	C:\Program Files\NVIDIA Corporation\NVIDIA NvDLISR\bin\javaw.exe (not found)
Check launcher:	C:\WINDOWS\system32\bin\javaw.exe (not found)
Check launcher:	C:\WINDOWS\bin\javaw.exe (not found)
Check launcher:	C:\WINDOWS\System32\Wbem\bin\javaw.exe (not found)
Check launcher:	C:\WINDOWS\System32\WindowsPowerShell\v1.0\bin\javaw.exe (not found)
Check launcher:	C:\WINDOWS\System32\OpenSSH\bin\javaw.exe (not found)
Check launcher:	C:\Program Files\Git\cmd\bin\javaw.exe (not found)
Check launcher:	C:\Users\Manana\AppData\Local\Programs\Python\Python312\Scripts\bin\javaw.exe (not found)
Check launcher:	C:\Users\Manana\AppData\Local\Programs\Python\Python312\bin\javaw.exe (not found)
Check launcher:	C:\Users\Manana\AppData\Local\Programs\Python\Launcher\bin\javaw.exe (not found)
Check launcher:	C:\Users\Manana\AppData\Local\Microsoft\WindowsApps\bin\javaw.exe (not found)
Check launcher:	C:\Users\Manana\AppData\Local\GitHubDesktop\bin\javaw.exe (not found)
Check launcher:	C:\Program Files\JetBrains\PyCharm Community Edition 2024.2.3\bin\javaw.exe (not found)
Check launcher:	C:\Users\Manana\AppData\Local\Programs\Microsoft VS Code\bin\javaw.exe (not found)
Check launcher:	C:\Program Files\MongoDB\Server\8.0\bin\javaw.exe (not found)
Check launcher:	C:\Program Files\Java\jre1.8.0_351\bin\javaw.exe (OK)
Version string: 1.008.000_351 / 64-Bit (OK)
Launcher:	C:\Program Files\Java\jre1.8.0_351\bin\javaw.exe
Launcher args:	-jar "C:\Users\Manana\Desktop\Interfaces\paint.exe"
Args length:	51/32768 chars
Exit code:	0


Version:	3.50
CmdLine:	C:\Users\Manana\Desktop\Interfaces\paint.exe --l4j-debug
JNI:		No
WOW64:		Yes
Working dir:	C:\Users\Manana\Desktop\Interfaces\.
Requires JDK:	No
Requires 64-Bit: No
Java min ver:	
Java max ver:	
Substitute:	JAVA_HOME = 
Substitute:	PATH = C:\app\Manana\product\21c\dbhomeXE\bin;C:\Program Files\Common Files\Oracle\Java\javapath;C:\Program Files (x86)\Common Files\Oracle\Java\javapath;C:\Windows\system32;C:\Windows;C:\Windows\System32\Wbem;C:\Windows\System32\WindowsPowerShell\v1.0\;C:\Windows\System32\OpenSSH\;C:\Program Files (x86)\NVIDIA Corporation\PhysX\Common;C:\Program Files\NVIDIA Corporation\NVIDIA NvDLISR;C:\WINDOWS\system32;C:\WINDOWS;C:\WINDOWS\System32\Wbem;C:\WINDOWS\System32\WindowsPowerShell\v1.0\;C:\WINDOWS\System32\OpenSSH\;C:\Program Files\Git\cmd;C:\Users\Manana\AppData\Local\Programs\Python\Python312\Scripts\;C:\Users\Manana\AppData\Local\Programs\Python\Python312\;C:\Users\Manana\AppData\Local\Programs\Python\Launcher\;C:\Users\Manana\AppData\Local\Microsoft\WindowsApps;C:\Users\Manana\AppData\Local\GitHubDesktop\bin;C:\Program Files\JetBrains\PyCharm Community Edition 2024.2.3\bin;C:\Users\Manana\AppData\Local\Programs\Microsoft VS Code\bin;C:\Program Files\MongoDB\Server\8.0\bin;C:\Program Files\Java\jre1.8.0_351\bin
JRE paths:	;C:\app\Manana\product\21c\dbhomeXE\bin;C:\Program Files\Common Files\Oracle\Java\javapath;C:\Program Files (x86)\Common Files\Oracle\Java\javapath;C:\Windows\system32;C:\Windows;C:\Windows\System32\Wbem;C:\Windows\System32\WindowsPowerShell\v1.0\;C:\Windows\System32\OpenSSH\;C:\Program Files (x86)\NVIDIA Corporation\PhysX\Common;C:\Program Files\NVIDIA Corporation\NVIDIA NvDLISR;C:\WINDOWS\system32;C:\WINDOWS;C:\WINDOWS\System32\Wbem;C:\WINDOWS\System32\WindowsPowerShell\v1.0\;C:\WINDOWS\System32\OpenSSH\;C:\Program Files\Git\cmd;C:\Users\Manana\AppData\Local\Programs\Python\Python312\Scripts\;C:\Users\Manana\AppData\Local\Programs\Python\Python312\;C:\Users\Manana\AppData\Local\Programs\Python\Launcher\;C:\Users\Manana\AppData\Local\Microsoft\WindowsApps;C:\Users\Manana\AppData\Local\GitHubDesktop\bin;C:\Program Files\JetBrains\PyCharm Community Edition 2024.2.3\bin;C:\Users\Manana\AppData\Local\Programs\Microsoft VS Code\bin;C:\Program Files\MongoDB\Server\8.0\bin;C:\Program Files\Java\jre1.8.0_351\bin
Check launcher:	C:\app\Manana\product\21c\dbhomeXE\bin\javaw.exe (not found)
Check launcher:	C:\Program Files\Common Files\Oracle\Java\javapath\bin\javaw.exe (not found)
Check launcher:	C:\Program Files (x86)\Common Files\Oracle\Java\javapath\bin\javaw.exe (not found)
Check launcher:	C:\Windows\system32\bin\javaw.exe (not found)
Check launcher:	C:\Windows\bin\javaw.exe (not found)
Check launcher:	C:\Windows\System32\Wbem\bin\javaw.exe (not found)
Check launcher:	C:\Windows\System32\WindowsPowerShell\v1.0\bin\javaw.exe (not found)
Check launcher:	C:\Windows\System32\OpenSSH\bin\javaw.exe (not found)
Check launcher:	C:\Program Files (x86)\NVIDIA Corporation\PhysX\Common\bin\javaw.exe (not found)
Check launcher:	C:\Program Files\NVIDIA Corporation\NVIDIA NvDLISR\bin\javaw.exe (not found)
Check launcher:	C:\WINDOWS\system32\bin\javaw.exe (not found)
Check launcher:	C:\WINDOWS\bin\javaw.exe (not found)
Check launcher:	C:\WINDOWS\System32\Wbem\bin\javaw.exe (not found)
Check launcher:	C:\WINDOWS\System32\WindowsPowerShell\v1.0\bin\javaw.exe (not found)
Check launcher:	C:\WINDOWS\System32\OpenSSH\bin\javaw.exe (not found)
Check launcher:	C:\Program Files\Git\cmd\bin\javaw.exe (not found)
Check launcher:	C:\Users\Manana\AppData\Local\Programs\Python\Python312\Scripts\bin\javaw.exe (not found)
Check launcher:	C:\Users\Manana\AppData\Local\Programs\Python\Python312\bin\javaw.exe (not found)
Check launcher:	C:\Users\Manana\AppData\Local\Programs\Python\Launcher\bin\javaw.exe (not found)
Check launcher:	C:\Users\Manana\AppData\Local\Microsoft\WindowsApps\bin\javaw.exe (not found)
Check launcher:	C:\Users\Manana\AppData\Local\GitHubDesktop\bin\javaw.exe (not found)
Check launcher:	C:\Program Files\JetBrains\PyCharm Community Edition 2024.2.3\bin\javaw.exe (not found)
Check launcher:	C:\Users\Manana\AppData\Local\Programs\Microsoft VS Code\bin\javaw.exe (not found)
Check launcher:	C:\Program Files\MongoDB\Server\8.0\bin\javaw.exe (not found)
Check launcher:	C:\Program Files\Java\jre1.8.0_351\bin\javaw.exe (OK)
Version string: 1.008.000_351 / 64-Bit (OK)
Launcher:	C:\Program Files\Java\jre1.8.0_351\bin\javaw.exe
Launcher args:	-jar "C:\Users\Manana\Desktop\Interfaces\paint.exe"
Args length:	51/32768 chars
Exit code:	0
